Using pre-set license
Built from '2020.3/staging' branch; Version is '2020.3.6f1 (338bb68529b2) revision 3378102'; Using compiler version '192528614'; Build Type 'Release'
OS: 'Windows 10 Pro; OS build 19043.1237; Version 2009; 64bit' Language: 'en' Physical Memory: 32157 MB
BatchMode: 1, IsHumanControllingUs: 0, StartBugReporterOnCrash: 0, Is64bit: 1, IsPro: 0

 COMMAND LINE ARGUMENTS:
C:\Program Files\Unity\Hub\Editor\2020.3.6f1\Editor\Unity.exe
-adb2
-batchMode
-noUpm
-name
AssetImportWorker0
-projectPath
D:/GameDev/Club/EmptyPlatformer
-logFile
Logs/AssetImportWorker0.log
-srvPort
50787
Successfully changed project path to: D:/GameDev/Club/EmptyPlatformer
D:/GameDev/Club/EmptyPlatformer
Using Asset Import Pipeline V2.
Refreshing native plugins compatible for Editor in 25.26 ms, found 1 plugins.
Preloading 0 native plugins for Editor in 0.00 ms.
Initialize engine version: 2020.3.6f1 (338bb68529b2)
[Subsystems] Discovering subsystems at path C:/Program Files/Unity/Hub/Editor/2020.3.6f1/Editor/Data/Resources/UnitySubsystems
[Subsystems] Discovering subsystems at path D:/GameDev/Club/EmptyPlatformer/Assets
GfxDevice: creating device client; threaded=0
Direct3D:
    Version:  Direct3D 11.0 [level 11.1]
    Renderer: NVIDIA GeForce RTX 3080 Laptop GPU (ID=0x249c)
    Vendor:   
    VRAM:     16202 MB
    Driver:   30.0.14.7212
Initialize mono
Mono path[0] = 'C:/Program Files/Unity/Hub/Editor/2020.3.6f1/Editor/Data/Managed'
Mono path[1] = 'C:/Program Files/Unity/Hub/Editor/2020.3.6f1/Editor/Data/MonoBleedingEdge/lib/mono/unityjit'
Mono config path = 'C:/Program Files/Unity/Hub/Editor/2020.3.6f1/Editor/Data/MonoBleedingEdge/etc'
Using monoOptions --debugger-agent=transport=dt_socket,embedding=1,server=y,suspend=n,address=127.0.0.1:56160
Begin MonoManager ReloadAssembly
Registering precompiled unity dll's ...
Register platform support module: C:/Program Files/Unity/Hub/Editor/2020.3.6f1/Editor/Data/PlaybackEngines/WebGLSupport/UnityEditor.WebGL.Extensions.dll
Register platform support module: C:/Program Files/Unity/Hub/Editor/2020.3.6f1/Editor/Data/PlaybackEngines/MacStandaloneSupport/UnityEditor.OSXStandalone.Extensions.dll
Register platform support module: C:/Program Files/Unity/Hub/Editor/2020.3.6f1/Editor/Data/PlaybackEngines/WindowsStandaloneSupport/UnityEditor.WindowsStandalone.Extensions.dll
Register platform support module: C:/Program Files/Unity/Hub/Editor/2020.3.6f1/Editor/Data/PlaybackEngines/LinuxStandaloneSupport/UnityEditor.LinuxStandalone.Extensions.dll
Registered in 0.002443 seconds.
Native extension for LinuxStandalone target not found
Native extension for WindowsStandalone target not found
Native extension for OSXStandalone target not found
Native extension for WebGL target not found
Refreshing native plugins compatible for Editor in 27.71 ms, found 1 plugins.
Preloading 0 native plugins for Editor in 0.00 ms.
Mono: successfully reloaded assembly
- Completed reload, in  0.919 seconds
Platform modules already initialized, skipping
Registering precompiled user dll's ...
Registered in 0.000616 seconds.
Begin MonoManager ReloadAssembly
Native extension for LinuxStandalone target not found
Native extension for WindowsStandalone target not found
Native extension for OSXStandalone target not found
Native extension for WebGL target not found
Refreshing native plugins compatible for Editor in 25.64 ms, found 1 plugins.
Preloading 0 native plugins for Editor in 0.00 ms.
Mono: successfully reloaded assembly
- Completed reload, in  0.676 seconds
Platform modules already initialized, skipping
========================================================================
Worker process is ready to serve import requests
Launched and connected shader compiler UnityShaderCompiler.exe after 0.03 seconds
Refreshing native plugins compatible for Editor in 0.36 ms, found 1 plugins.
Preloading 0 native plugins for Editor in 0.00 ms.
Unloading 1808 Unused Serialized files (Serialized files now loaded: 0)
System memory in use before: 84.9 MB.
System memory in use after: 84.8 MB.

Unloading 24 unused Assets to reduce memory usage. Loaded Objects now: 2250.
Total: 1.998000 ms (FindLiveObjects: 0.202200 ms CreateObjectMapping: 0.056400 ms MarkObjects: 1.628700 ms  DeleteObjects: 0.109700 ms)

========================================================================
Received Import Request.
  path: Assets/Scripts
  artifactKey: Guid(5e03b168dfd63c84fa643c5723d5b836) Importer(815301076,1909f56bfc062723c751e8b465ee728b)
Start importing Assets/Scripts using Guid(5e03b168dfd63c84fa643c5723d5b836) Importer(815301076,1909f56bfc062723c751e8b465ee728b)  -> (artifact id: '4a8a6dc351f22984e3e557761e9fd8f0') in 0.010835 seconds
  Import took 0.013960 seconds .

========================================================================
Received Import Request.
  Time since last request: 21.159063 seconds.
  path: Assets/Scripts/Characters
  artifactKey: Guid(5eecd84d4e4c97649a46f3879a686b51) Importer(815301076,1909f56bfc062723c751e8b465ee728b)
Start importing Assets/Scripts/Characters using Guid(5eecd84d4e4c97649a46f3879a686b51) Importer(815301076,1909f56bfc062723c751e8b465ee728b)  -> (artifact id: '40806dd45273c856238914e773fcaf1c') in 0.007413 seconds
  Import took 0.009943 seconds .

========================================================================
Received Import Request.
  Time since last request: 20.651039 seconds.
  path: Assets/Scripts/Characters/KinematicCharacter.cs
  artifactKey: Guid(796d85bb3b95f0f43b16ac47fff5ad06) Importer(815301076,1909f56bfc062723c751e8b465ee728b)
Start importing Assets/Scripts/Characters/KinematicCharacter.cs using Guid(796d85bb3b95f0f43b16ac47fff5ad06) Importer(815301076,1909f56bfc062723c751e8b465ee728b)  -> (artifact id: '9bf0d2c5aa12879dedb2c5728aa4472f') in 0.023844 seconds
  Import took 0.026427 seconds .

========================================================================
Received Import Request.
  Time since last request: 0.058853 seconds.
  path: Assets/Scripts/Characters/KinematicCharacter.cs
  artifactKey: Guid(796d85bb3b95f0f43b16ac47fff5ad06) Importer(815301076,1909f56bfc062723c751e8b465ee728b)
Start importing Assets/Scripts/Characters/KinematicCharacter.cs using Guid(796d85bb3b95f0f43b16ac47fff5ad06) Importer(815301076,1909f56bfc062723c751e8b465ee728b)  -> (artifact id: '9bf0d2c5aa12879dedb2c5728aa4472f') in 0.003683 seconds
  Import took 0.006125 seconds .

========================================================================
Received Prepare
Registering precompiled user dll's ...
Registered in 0.000659 seconds.
Begin MonoManager ReloadAssembly
Native extension for LinuxStandalone target not found
Native extension for WindowsStandalone target not found
Native extension for OSXStandalone target not found
Native extension for WebGL target not found
Refreshing native plugins compatible for Editor in 0.36 ms, found 1 plugins.
Preloading 0 native plugins for Editor in 0.00 ms.
Mono: successfully reloaded assembly
- Completed reload, in  0.629 seconds
Platform modules already initialized, skipping
Refreshing native plugins compatible for Editor in 0.34 ms, found 1 plugins.
Preloading 0 native plugins for Editor in 0.00 ms.
Unloading 1804 Unused Serialized files (Serialized files now loaded: 0)
System memory in use before: 84.8 MB.
System memory in use after: 84.8 MB.

Unloading 12 unused Assets to reduce memory usage. Loaded Objects now: 2255.
Total: 1.980600 ms (FindLiveObjects: 0.169000 ms CreateObjectMapping: 0.050700 ms MarkObjects: 1.666100 ms  DeleteObjects: 0.093900 ms)

========================================================================
Received Import Request.
  Time since last request: 3509.537004 seconds.
  path: Assets/Scripts/Characters/KinematicCharacter.cs
  artifactKey: Guid(796d85bb3b95f0f43b16ac47fff5ad06) Importer(815301076,1909f56bfc062723c751e8b465ee728b)
Start importing Assets/Scripts/Characters/KinematicCharacter.cs using Guid(796d85bb3b95f0f43b16ac47fff5ad06) Importer(815301076,1909f56bfc062723c751e8b465ee728b)  -> (artifact id: '67bb9afe3544a94e5a2dc0de44e2e5ad') in 0.004128 seconds
  Import took 0.006775 seconds .

========================================================================
Received Import Request.
  Time since last request: 18.021209 seconds.
  path: Assets/Scripts/Characters/Player
  artifactKey: Guid(5b04dc6fb1c8927459856ba96e633c10) Importer(815301076,1909f56bfc062723c751e8b465ee728b)
Start importing Assets/Scripts/Characters/Player using Guid(5b04dc6fb1c8927459856ba96e633c10) Importer(815301076,1909f56bfc062723c751e8b465ee728b)  -> (artifact id: '3d1f1678fb586b62010b3f03453f4265') in 0.004835 seconds
  Import took 0.009448 seconds .

========================================================================
Received Import Request.
  Time since last request: 8.355903 seconds.
  path: Assets/Scripts/Characters/Player/PlayerController.cs
  artifactKey: Guid(9fdafeba59c4d71498d03192a9a81a10) Importer(815301076,1909f56bfc062723c751e8b465ee728b)
Start importing Assets/Scripts/Characters/Player/PlayerController.cs using Guid(9fdafeba59c4d71498d03192a9a81a10) Importer(815301076,1909f56bfc062723c751e8b465ee728b)  -> (artifact id: 'ee179695b90fe2cf5c8432f4a0ed7dc7') in 0.007477 seconds
  Import took 0.010786 seconds .

========================================================================
Received Import Request.
  Time since last request: 1164.143804 seconds.
  path: Assets/Scripts/Characters/Player/PlayerController.cs
  artifactKey: Guid(9fdafeba59c4d71498d03192a9a81a10) Importer(815301076,1909f56bfc062723c751e8b465ee728b)
Start importing Assets/Scripts/Characters/Player/PlayerController.cs using Guid(9fdafeba59c4d71498d03192a9a81a10) Importer(815301076,1909f56bfc062723c751e8b465ee728b)  -> (artifact id: '22909e95f8a06a080df65f52c931bdb7') in 0.001540 seconds
  Import took 0.004809 seconds .

========================================================================
Received Import Request.
  Time since last request: 5.039394 seconds.
  path: Assets/Scripts/Characters/Enemy
  artifactKey: Guid(ee84ace3f3f93fa46804164b4369df8e) Importer(815301076,1909f56bfc062723c751e8b465ee728b)
Start importing Assets/Scripts/Characters/Enemy using Guid(ee84ace3f3f93fa46804164b4369df8e) Importer(815301076,1909f56bfc062723c751e8b465ee728b)  -> (artifact id: '8b34c4d29cc3ee6bcb685c5723fe52c3') in 0.004780 seconds
  Import took 0.007426 seconds .

========================================================================
Received Import Request.
  Time since last request: 11.635226 seconds.
  path: Assets/Scripts/Characters/Enemy/EnemyController.cs
  artifactKey: Guid(0b27d5d8fdec3af40a2de7d20fba767c) Importer(815301076,1909f56bfc062723c751e8b465ee728b)
Start importing Assets/Scripts/Characters/Enemy/EnemyController.cs using Guid(0b27d5d8fdec3af40a2de7d20fba767c) Importer(815301076,1909f56bfc062723c751e8b465ee728b)  -> (artifact id: '1be1a3e902ea81e0614a59ac23132142') in 0.004859 seconds
  Import took 0.009712 seconds .

========================================================================
Received Import Request.
  Time since last request: 289.600645 seconds.
  path: Assets/Scripts/Characters/Enemy/EnemyController.cs
  artifactKey: Guid(0b27d5d8fdec3af40a2de7d20fba767c) Importer(815301076,1909f56bfc062723c751e8b465ee728b)
Start importing Assets/Scripts/Characters/Enemy/EnemyController.cs using Guid(0b27d5d8fdec3af40a2de7d20fba767c) Importer(815301076,1909f56bfc062723c751e8b465ee728b)  -> (artifact id: 'bfa7d9033a11eb5b7572bd91147d0038') in 0.001580 seconds
  Import took 0.004286 seconds .

========================================================================
Received Import Request.
  Time since last request: 9.471084 seconds.
  path: Assets/Scripts/Characters/Enemy/SmartEnemyController.cs
  artifactKey: Guid(a9f63222b265dce468711c813a7f1e66) Importer(815301076,1909f56bfc062723c751e8b465ee728b)
Start importing Assets/Scripts/Characters/Enemy/SmartEnemyController.cs using Guid(a9f63222b265dce468711c813a7f1e66) Importer(815301076,1909f56bfc062723c751e8b465ee728b)  -> (artifact id: '930d19f955c0a9dfcbc3ec04dee5db3b') in 0.005063 seconds
  Import took 0.007901 seconds .

========================================================================
Received Import Request.
  Time since last request: 814.179118 seconds.
  path: Assets/Scripts/Characters/Enemy/SmartEnemyController.cs
  artifactKey: Guid(a9f63222b265dce468711c813a7f1e66) Importer(815301076,1909f56bfc062723c751e8b465ee728b)
Start importing Assets/Scripts/Characters/Enemy/SmartEnemyController.cs using Guid(a9f63222b265dce468711c813a7f1e66) Importer(815301076,1909f56bfc062723c751e8b465ee728b)  -> (artifact id: 'c77a273eb04d32750a305b9081c32ea0') in 0.001962 seconds
  Import took 0.004984 seconds .

========================================================================
Received Import Request.
  Time since last request: 12.492481 seconds.
  path: Assets/Scripts/Managers
  artifactKey: Guid(458a6ec167bd90848bd37a1c26a15e01) Importer(815301076,1909f56bfc062723c751e8b465ee728b)
Start importing Assets/Scripts/Managers using Guid(458a6ec167bd90848bd37a1c26a15e01) Importer(815301076,1909f56bfc062723c751e8b465ee728b)  -> (artifact id: '54745557e8675ff3667cf1620a3bcf93') in 0.004726 seconds
  Import took 0.007374 seconds .

========================================================================
Received Import Request.
  Time since last request: 26.125999 seconds.
  path: Assets/Scripts/Managers/ScoreManager.cs
  artifactKey: Guid(e37ce31ca081e00448681a4ab156f508) Importer(815301076,1909f56bfc062723c751e8b465ee728b)
Start importing Assets/Scripts/Managers/ScoreManager.cs using Guid(e37ce31ca081e00448681a4ab156f508) Importer(815301076,1909f56bfc062723c751e8b465ee728b)  -> (artifact id: '368ef1997684f920af8442a8b8b24c14') in 0.004983 seconds
  Import took 0.007783 seconds .

========================================================================
Received Import Request.
  Time since last request: 2641.842735 seconds.
  path: Assets/Scripts/Managers/ScoreManager.cs
  artifactKey: Guid(e37ce31ca081e00448681a4ab156f508) Importer(815301076,1909f56bfc062723c751e8b465ee728b)
Start importing Assets/Scripts/Managers/ScoreManager.cs using Guid(e37ce31ca081e00448681a4ab156f508) Importer(815301076,1909f56bfc062723c751e8b465ee728b)  -> (artifact id: 'e14c45f1a8b9453904d24d158310354a') in 0.001398 seconds
  Import took 0.004140 seconds .

========================================================================
Received Import Request.
  Time since last request: 5.625708 seconds.
  path: Assets/Scripts/Managers/LevelManager.cs
  artifactKey: Guid(f726c1e8f834b08418bf7398fcd807d6) Importer(815301076,1909f56bfc062723c751e8b465ee728b)
Start importing Assets/Scripts/Managers/LevelManager.cs using Guid(f726c1e8f834b08418bf7398fcd807d6) Importer(815301076,1909f56bfc062723c751e8b465ee728b)  -> (artifact id: 'f1bc55e0d364f70cfb0a680a98344890') in 0.001281 seconds
  Import took 0.003908 seconds .

========================================================================
Received Import Request.
  Time since last request: 1022.486918 seconds.
  path: Assets/Scripts/Managers/LevelManager.cs
  artifactKey: Guid(f726c1e8f834b08418bf7398fcd807d6) Importer(815301076,1909f56bfc062723c751e8b465ee728b)
Start importing Assets/Scripts/Managers/LevelManager.cs using Guid(f726c1e8f834b08418bf7398fcd807d6) Importer(815301076,1909f56bfc062723c751e8b465ee728b)  -> (artifact id: '05c59bbc126bc8c26f43f9da373f320c') in 0.001472 seconds
  Import took 0.004563 seconds .

========================================================================
Received Import Request.
  Time since last request: 16.095474 seconds.
  path: Assets/Scripts/Managers/GameManager.cs
  artifactKey: Guid(972835156d5ade843bb89a8c7b4f1be8) Importer(815301076,1909f56bfc062723c751e8b465ee728b)
Start importing Assets/Scripts/Managers/GameManager.cs using Guid(972835156d5ade843bb89a8c7b4f1be8) Importer(815301076,1909f56bfc062723c751e8b465ee728b)  -> (artifact id: '5508525d7109dc0e7939c81cc5f68d60') in 0.001387 seconds
  Import took 0.003974 seconds .

========================================================================
Received Import Request.
  Time since last request: 118.697388 seconds.
  path: Assets/Scripts/Managers/GameManager.cs
  artifactKey: Guid(972835156d5ade843bb89a8c7b4f1be8) Importer(815301076,1909f56bfc062723c751e8b465ee728b)
Start importing Assets/Scripts/Managers/GameManager.cs using Guid(972835156d5ade843bb89a8c7b4f1be8) Importer(815301076,1909f56bfc062723c751e8b465ee728b)  -> (artifact id: '3adee623cc89b145535ee4c5d9d7b2d3') in 0.003809 seconds
  Import took 0.006771 seconds .

========================================================================
Received Import Request.
  Time since last request: 10.237413 seconds.
  path: Assets/Scripts/UI
  artifactKey: Guid(f8e21c48a4867594fac4f32dda359658) Importer(815301076,1909f56bfc062723c751e8b465ee728b)
Start importing Assets/Scripts/UI using Guid(f8e21c48a4867594fac4f32dda359658) Importer(815301076,1909f56bfc062723c751e8b465ee728b)  -> (artifact id: 'dbb4ecfd2178fd23b6a997f63a54ec84') in 0.004977 seconds
  Import took 0.007789 seconds .

========================================================================
Received Import Request.
  Time since last request: 21.461180 seconds.
  path: Assets/Scripts/UI/GameUIManager.cs
  artifactKey: Guid(e9eead9925d2ccf46b9b1993e0999e27) Importer(815301076,1909f56bfc062723c751e8b465ee728b)
Start importing Assets/Scripts/UI/GameUIManager.cs using Guid(e9eead9925d2ccf46b9b1993e0999e27) Importer(815301076,1909f56bfc062723c751e8b465ee728b)  -> (artifact id: '909dcc6ca4022277dc9287a343edf105') in 0.002466 seconds
  Import took 0.006331 seconds .

========================================================================
Received Import Request.
  Time since last request: 989.230181 seconds.
  path: Assets/Scripts/UI/GameUIManager.cs
  artifactKey: Guid(e9eead9925d2ccf46b9b1993e0999e27) Importer(815301076,1909f56bfc062723c751e8b465ee728b)
Start importing Assets/Scripts/UI/GameUIManager.cs using Guid(e9eead9925d2ccf46b9b1993e0999e27) Importer(815301076,1909f56bfc062723c751e8b465ee728b)  -> (artifact id: '8681b4c59e8c40c805434bfc1cf68299') in 0.001685 seconds
  Import took 0.004616 seconds .

========================================================================
Received Import Request.
  Time since last request: 8.717225 seconds.
  path: Assets/Scripts/UI/LevelButton.cs
  artifactKey: Guid(f2f35f6738b82bc44ba656b851b42906) Importer(815301076,1909f56bfc062723c751e8b465ee728b)
Start importing Assets/Scripts/UI/LevelButton.cs using Guid(f2f35f6738b82bc44ba656b851b42906) Importer(815301076,1909f56bfc062723c751e8b465ee728b)  -> (artifact id: 'f617371d96513666602a63c76894c2d5') in 0.001271 seconds
  Import took 0.003785 seconds .

========================================================================
Received Import Request.
  Time since last request: 464.648446 seconds.
  path: Assets/Scripts/UI/LevelButton.cs
  artifactKey: Guid(f2f35f6738b82bc44ba656b851b42906) Importer(815301076,1909f56bfc062723c751e8b465ee728b)
Start importing Assets/Scripts/UI/LevelButton.cs using Guid(f2f35f6738b82bc44ba656b851b42906) Importer(815301076,1909f56bfc062723c751e8b465ee728b)  -> (artifact id: '88fa915535839c681365f055808bce2c') in 0.001350 seconds
  Import took 0.004347 seconds .

========================================================================
Received Import Request.
  Time since last request: 4.249703 seconds.
  path: Assets/Scripts/UI/StartUIManager.cs
  artifactKey: Guid(b231dbda40b00c1418faaf08c2062b26) Importer(815301076,1909f56bfc062723c751e8b465ee728b)
Start importing Assets/Scripts/UI/StartUIManager.cs using Guid(b231dbda40b00c1418faaf08c2062b26) Importer(815301076,1909f56bfc062723c751e8b465ee728b)  -> (artifact id: 'bac8dff53b0c0ac33a76defbd811421b') in 0.001436 seconds
  Import took 0.003968 seconds .

========================================================================
Received Import Request.
  Time since last request: 470.819187 seconds.
  path: Assets/Scripts/UI/StartUIManager.cs
  artifactKey: Guid(b231dbda40b00c1418faaf08c2062b26) Importer(815301076,1909f56bfc062723c751e8b465ee728b)
Start importing Assets/Scripts/UI/StartUIManager.cs using Guid(b231dbda40b00c1418faaf08c2062b26) Importer(815301076,1909f56bfc062723c751e8b465ee728b)  -> (artifact id: '3d02a72b423a71feef8dbb629d4c9b0e') in 0.001280 seconds
  Import took 0.004075 seconds .

========================================================================
Received Import Request.
  Time since last request: 23.554924 seconds.
  path: Assets/Scripts/World
  artifactKey: Guid(effdfb04f76974449adcf6f520124b26) Importer(815301076,1909f56bfc062723c751e8b465ee728b)
Start importing Assets/Scripts/World using Guid(effdfb04f76974449adcf6f520124b26) Importer(815301076,1909f56bfc062723c751e8b465ee728b)  -> (artifact id: '6bd51b938bfd213dbb47b257308a40df') in 0.004877 seconds
  Import took 0.007669 seconds .

========================================================================
Received Import Request.
  Time since last request: 6.306387 seconds.
  path: Assets/Scripts/World/MovingPlatform.cs
  artifactKey: Guid(2590cd001d06324459bfbf975ce88648) Importer(815301076,1909f56bfc062723c751e8b465ee728b)
Start importing Assets/Scripts/World/MovingPlatform.cs using Guid(2590cd001d06324459bfbf975ce88648) Importer(815301076,1909f56bfc062723c751e8b465ee728b)  -> (artifact id: 'eed79040e1c55125d3b2c804768eb82d') in 0.001254 seconds
  Import took 0.003770 seconds .

========================================================================
Received Import Request.
  Time since last request: 566.497082 seconds.
  path: Assets/Scripts/World/MovingPlatform.cs
  artifactKey: Guid(2590cd001d06324459bfbf975ce88648) Importer(815301076,1909f56bfc062723c751e8b465ee728b)
Start importing Assets/Scripts/World/MovingPlatform.cs using Guid(2590cd001d06324459bfbf975ce88648) Importer(815301076,1909f56bfc062723c751e8b465ee728b)  -> (artifact id: '4ddbc039cd09038e64803444e2f16c56') in 0.001350 seconds
  Import took 0.004100 seconds .

========================================================================
Received Import Request.
  Time since last request: 5.474955 seconds.
  path: Assets/Scripts/Vector3Additions.cs
  artifactKey: Guid(0b32bbd19b603e24697d585d65b90701) Importer(815301076,1909f56bfc062723c751e8b465ee728b)
Start importing Assets/Scripts/Vector3Additions.cs using Guid(0b32bbd19b603e24697d585d65b90701) Importer(815301076,1909f56bfc062723c751e8b465ee728b)  -> (artifact id: '5d33a586be838dc8fa8c879756c2da10') in 0.005248 seconds
  Import took 0.008046 seconds .

========================================================================
Received Import Request.
  Time since last request: 68.301224 seconds.
  path: Assets/Scripts/Vector3Additions.cs
  artifactKey: Guid(0b32bbd19b603e24697d585d65b90701) Importer(815301076,1909f56bfc062723c751e8b465ee728b)
Start importing Assets/Scripts/Vector3Additions.cs using Guid(0b32bbd19b603e24697d585d65b90701) Importer(815301076,1909f56bfc062723c751e8b465ee728b)  -> (artifact id: '1c24a03542cbd3e63d32a3abae60df76') in 0.001401 seconds
  Import took 0.003995 seconds .

========================================================================
Received Import Request.
  Time since last request: 87.655020 seconds.
  path: Assets/Scripts/World/MovingPlatform.cs
  artifactKey: Guid(2590cd001d06324459bfbf975ce88648) Importer(815301076,1909f56bfc062723c751e8b465ee728b)
Start importing Assets/Scripts/World/MovingPlatform.cs using Guid(2590cd001d06324459bfbf975ce88648) Importer(815301076,1909f56bfc062723c751e8b465ee728b)  -> (artifact id: '8ea776527fcffe3cd7d8f7c60dccccd8') in 0.001299 seconds
  Import took 0.003965 seconds .

========================================================================
Received Import Request.
  Time since last request: 5.012006 seconds.
  path: Assets/Scripts/World/PointsCollectable.cs
  artifactKey: Guid(aa633cc312b29354b966db4840d9ba4b) Importer(815301076,1909f56bfc062723c751e8b465ee728b)
Start importing Assets/Scripts/World/PointsCollectable.cs using Guid(aa633cc312b29354b966db4840d9ba4b) Importer(815301076,1909f56bfc062723c751e8b465ee728b)  -> (artifact id: 'dbd7ede9320993c248295f913e1a4a39') in 0.006341 seconds
  Import took 0.009354 seconds .

========================================================================
Received Import Request.
  Time since last request: 78.579668 seconds.
  path: Assets/Scripts/World/PointsCollectable.cs
  artifactKey: Guid(aa633cc312b29354b966db4840d9ba4b) Importer(815301076,1909f56bfc062723c751e8b465ee728b)
Start importing Assets/Scripts/World/PointsCollectable.cs using Guid(aa633cc312b29354b966db4840d9ba4b) Importer(815301076,1909f56bfc062723c751e8b465ee728b)  -> (artifact id: '8624af0266cecf65d086b32b8914f4c1') in 0.001294 seconds
  Import took 0.003813 seconds .

AssetImportWorkerClient::OnTransportError - code=2 error=End of file
